<?xml version="1.0" encoding="UTF-8"?>
<!-- Generated by org.testng.reporters.JUnitXMLReporter -->
<testsuite hostname="Nikita-PC" ignored="0" name="Free CRM App Test Cases" tests="6" failures="0" timestamp="20 Nov 2018 10:14:50 GMT" time="106.737" errors="0">
  <testcase name="VerifyLoginPageTitleTest" time="0.017" classname="testcases.LoginPageTest"/>
  <testcase name="verifyHomePageTitleTest" time="0.006" classname="testcases.HomePageTest"/>
  <testcase name="validateCreateNewContact" time="2.659" classname="testcases.ContactsPageTest"/>
  <testcase name="validateCreateNewContact" time="2.185" classname="testcases.ContactsPageTest"/>
  <testcase name="validateCreateNewContact" time="2.363" classname="testcases.ContactsPageTest"/>
  <testcase name="validLoginTest" time="3.884" classname="testcases.LoginPageTest"/>
</testsuite> <!-- Free CRM App Test Cases -->
