<?xml version="1.0" encoding="UTF-8"?>
<!-- Generated by org.testng.reporters.JUnitXMLReporter -->
<testsuite hostname="Nikita-PC" ignored="0" name="Command line test" tests="5" failures="0" timestamp="20 Nov 2018 10:21:09 GMT" time="68.057" errors="0">
  <testcase name="validateCreateNewContact" time="2.18" classname="testcases.ContactsPageTest"/>
  <testcase name="validateCreateNewContact" time="2.531" classname="testcases.ContactsPageTest"/>
  <testcase name="validateCreateNewContact" time="2.158" classname="testcases.ContactsPageTest"/>
  <testcase name="verifyHomePageTitleTest" time="0.007" classname="testcases.HomePageTest"/>
  <testcase name="VerifyLoginPageTitleTest" time="0.008" classname="testcases.LoginPageTest"/>
</testsuite> <!-- Command line test -->
