<?xml version="1.0" encoding="UTF-8"?>
<testng-results skipped="0" failed="0" ignored="0" total="5" passed="5">
  <reporter-output>
  </reporter-output>
  <suite name="Command line suite" duration-ms="68057" started-at="2018-11-20T10:20:00Z" finished-at="2018-11-20T10:21:09Z">
    <groups>
    </groups>
    <test name="Command line test" duration-ms="68057" started-at="2018-11-20T10:20:00Z" finished-at="2018-11-20T10:21:09Z">
      <class name="testcases.ContactsPageTest">
        <test-method status="PASS" signature="setUp()[pri:0, instance:testcases.ContactsPageTest@617c74e5]" name="setUp" is-config="true" duration-ms="14178" started-at="2018-11-20T10:20:01Z" finished-at="2018-11-20T10:20:15Z">
          <reporter-output>
          </reporter-output>
        </test-method> <!-- setUp -->
        <test-method status="PASS" signature="validateCreateNewContact(java.lang.String, java.lang.String, java.lang.String, java.lang.String)[pri:1, instance:testcases.ContactsPageTest@617c74e5]" name="validateCreateNewContact" duration-ms="2180" started-at="2018-11-20T10:20:15Z" data-provider="getContactTestData" finished-at="2018-11-20T10:20:18Z">
          <params>
            <param index="0">
              <value>
                <![CDATA[Mr.]]>
              </value>
            </param>
            <param index="1">
              <value>
                <![CDATA[Tom]]>
              </value>
            </param>
            <param index="2">
              <value>
                <![CDATA[Cruze]]>
              </value>
            </param>
            <param index="3">
              <value>
                <![CDATA[Dell]]>
              </value>
            </param>
          </params>
          <reporter-output>
          </reporter-output>
        </test-method> <!-- validateCreateNewContact -->
        <test-method status="PASS" signature="tearDown()[pri:0, instance:testcases.ContactsPageTest@617c74e5]" name="tearDown" is-config="true" duration-ms="1011" started-at="2018-11-20T10:20:18Z" finished-at="2018-11-20T10:20:19Z">
          <reporter-output>
          </reporter-output>
        </test-method> <!-- tearDown -->
        <test-method status="PASS" signature="setUp()[pri:0, instance:testcases.ContactsPageTest@617c74e5]" name="setUp" is-config="true" duration-ms="11889" started-at="2018-11-20T10:20:19Z" finished-at="2018-11-20T10:20:30Z">
          <reporter-output>
          </reporter-output>
        </test-method> <!-- setUp -->
        <test-method status="PASS" signature="validateCreateNewContact(java.lang.String, java.lang.String, java.lang.String, java.lang.String)[pri:1, instance:testcases.ContactsPageTest@617c74e5]" name="validateCreateNewContact" duration-ms="2531" started-at="2018-11-20T10:20:30Z" data-provider="getContactTestData" finished-at="2018-11-20T10:20:33Z">
          <params>
            <param index="0">
              <value>
                <![CDATA[Miss]]>
              </value>
            </param>
            <param index="1">
              <value>
                <![CDATA[Ragini]]>
              </value>
            </param>
            <param index="2">
              <value>
                <![CDATA[Sharma]]>
              </value>
            </param>
            <param index="3">
              <value>
                <![CDATA[Intel]]>
              </value>
            </param>
          </params>
          <reporter-output>
          </reporter-output>
        </test-method> <!-- validateCreateNewContact -->
        <test-method status="PASS" signature="tearDown()[pri:0, instance:testcases.ContactsPageTest@617c74e5]" name="tearDown" is-config="true" duration-ms="669" started-at="2018-11-20T10:20:33Z" finished-at="2018-11-20T10:20:34Z">
          <reporter-output>
          </reporter-output>
        </test-method> <!-- tearDown -->
        <test-method status="PASS" signature="setUp()[pri:0, instance:testcases.ContactsPageTest@617c74e5]" name="setUp" is-config="true" duration-ms="11583" started-at="2018-11-20T10:20:34Z" finished-at="2018-11-20T10:20:45Z">
          <reporter-output>
          </reporter-output>
        </test-method> <!-- setUp -->
        <test-method status="PASS" signature="validateCreateNewContact(java.lang.String, java.lang.String, java.lang.String, java.lang.String)[pri:1, instance:testcases.ContactsPageTest@617c74e5]" name="validateCreateNewContact" duration-ms="2158" started-at="2018-11-20T10:20:45Z" data-provider="getContactTestData" finished-at="2018-11-20T10:20:47Z">
          <params>
            <param index="0">
              <value>
                <![CDATA[Mrs.]]>
              </value>
            </param>
            <param index="1">
              <value>
                <![CDATA[Nivedita]]>
              </value>
            </param>
            <param index="2">
              <value>
                <![CDATA[Joshi]]>
              </value>
            </param>
            <param index="3">
              <value>
                <![CDATA[Ebay]]>
              </value>
            </param>
          </params>
          <reporter-output>
          </reporter-output>
        </test-method> <!-- validateCreateNewContact -->
        <test-method status="PASS" signature="tearDown()[pri:0, instance:testcases.ContactsPageTest@617c74e5]" name="tearDown" is-config="true" duration-ms="680" started-at="2018-11-20T10:20:47Z" finished-at="2018-11-20T10:20:48Z">
          <reporter-output>
          </reporter-output>
        </test-method> <!-- tearDown -->
      </class> <!-- testcases.ContactsPageTest -->
      <class name="testcases.HomePageTest">
        <test-method status="PASS" signature="setUp()[pri:0, instance:testcases.HomePageTest@6537cf78]" name="setUp" is-config="true" duration-ms="12324" started-at="2018-11-20T10:20:48Z" finished-at="2018-11-20T10:21:00Z">
          <reporter-output>
          </reporter-output>
        </test-method> <!-- setUp -->
        <test-method status="PASS" signature="verifyHomePageTitleTest()[pri:1, instance:testcases.HomePageTest@6537cf78]" name="verifyHomePageTitleTest" duration-ms="7" started-at="2018-11-20T10:21:00Z" finished-at="2018-11-20T10:21:00Z">
          <reporter-output>
          </reporter-output>
        </test-method> <!-- verifyHomePageTitleTest -->
        <test-method status="PASS" signature="tearDown()[pri:0, instance:testcases.HomePageTest@6537cf78]" name="tearDown" is-config="true" duration-ms="862" started-at="2018-11-20T10:21:00Z" finished-at="2018-11-20T10:21:01Z">
          <reporter-output>
          </reporter-output>
        </test-method> <!-- tearDown -->
      </class> <!-- testcases.HomePageTest -->
      <class name="testcases.LoginPageTest">
        <test-method status="PASS" signature="setUp()[pri:0, instance:testcases.LoginPageTest@67b6d4ae]" name="setUp" is-config="true" duration-ms="6626" started-at="2018-11-20T10:21:01Z" finished-at="2018-11-20T10:21:08Z">
          <reporter-output>
          </reporter-output>
        </test-method> <!-- setUp -->
        <test-method status="PASS" signature="VerifyLoginPageTitleTest()[pri:1, instance:testcases.LoginPageTest@67b6d4ae]" name="VerifyLoginPageTitleTest" duration-ms="8" started-at="2018-11-20T10:21:08Z" finished-at="2018-11-20T10:21:08Z">
          <reporter-output>
          </reporter-output>
        </test-method> <!-- VerifyLoginPageTitleTest -->
        <test-method status="PASS" signature="tearDown()[pri:0, instance:testcases.LoginPageTest@67b6d4ae]" name="tearDown" is-config="true" duration-ms="662" started-at="2018-11-20T10:21:08Z" finished-at="2018-11-20T10:21:09Z">
          <reporter-output>
          </reporter-output>
        </test-method> <!-- tearDown -->
      </class> <!-- testcases.LoginPageTest -->
    </test> <!-- Command line test -->
  </suite> <!-- Command line suite -->
</testng-results>
